mode: atomic
github.com/nightconcept/almandine-go/cmd/almd/main.go:26.13,31.38 1 0
github.com/nightconcept/almandine-go/cmd/almd/main.go:31.38,35.4 2 0
github.com/nightconcept/almandine-go/cmd/almd/main.go:46.2,46.41 1 0
github.com/nightconcept/almandine-go/cmd/almd/main.go:46.41,48.3 1 0
github.com/nightconcept/almandine-go/internal/cli/self/self.go:17.36,48.2 1 0
github.com/nightconcept/almandine-go/internal/cli/self/self.go:50.41,54.13 3 0
github.com/nightconcept/almandine-go/internal/cli/self/self.go:54.13,56.3 1 0
github.com/nightconcept/almandine-go/internal/cli/self/self.go:58.2,59.16 2 0
github.com/nightconcept/almandine-go/internal/cli/self/self.go:59.16,61.49 1 0
github.com/nightconcept/almandine-go/internal/cli/self/self.go:61.49,63.4 1 0
github.com/nightconcept/almandine-go/internal/cli/self/self.go:64.3,64.17 1 0
github.com/nightconcept/almandine-go/internal/cli/self/self.go:64.17,66.4 1 0
github.com/nightconcept/almandine-go/internal/cli/self/self.go:68.2,68.13 1 0
github.com/nightconcept/almandine-go/internal/cli/self/self.go:68.13,70.3 1 0
github.com/nightconcept/almandine-go/internal/cli/self/self.go:72.2,75.22 3 0
github.com/nightconcept/almandine-go/internal/cli/self/self.go:75.22,77.58 2 0
github.com/nightconcept/almandine-go/internal/cli/self/self.go:77.58,79.15 2 0
github.com/nightconcept/almandine-go/internal/cli/self/self.go:79.15,81.5 1 0
github.com/nightconcept/almandine-go/internal/cli/self/self.go:82.9,84.4 1 0
github.com/nightconcept/almandine-go/internal/cli/self/self.go:85.8,86.14 1 0
github.com/nightconcept/almandine-go/internal/cli/self/self.go:86.14,88.4 1 0
github.com/nightconcept/almandine-go/internal/cli/self/self.go:93.2,94.16 2 0
github.com/nightconcept/almandine-go/internal/cli/self/self.go:94.16,96.3 1 0
github.com/nightconcept/almandine-go/internal/cli/self/self.go:98.2,101.16 2 0
github.com/nightconcept/almandine-go/internal/cli/self/self.go:101.16,103.3 1 0
github.com/nightconcept/almandine-go/internal/cli/self/self.go:105.2,105.13 1 0
github.com/nightconcept/almandine-go/internal/cli/self/self.go:105.13,107.3 1 0
github.com/nightconcept/almandine-go/internal/cli/self/self.go:110.2,112.16 3 0
github.com/nightconcept/almandine-go/internal/cli/self/self.go:112.16,115.3 1 0
github.com/nightconcept/almandine-go/internal/cli/self/self.go:117.2,117.12 1 0
github.com/nightconcept/almandine-go/internal/cli/self/self.go:117.12,119.14 1 0
github.com/nightconcept/almandine-go/internal/cli/self/self.go:119.14,121.4 1 0
github.com/nightconcept/almandine-go/internal/cli/self/self.go:122.3,123.13 2 0
github.com/nightconcept/almandine-go/internal/cli/self/self.go:128.2,128.13 1 0
github.com/nightconcept/almandine-go/internal/cli/self/self.go:128.13,130.35 2 0
github.com/nightconcept/almandine-go/internal/cli/self/self.go:130.35,132.4 1 0
github.com/nightconcept/almandine-go/internal/cli/self/self.go:133.3,133.39 1 0
github.com/nightconcept/almandine-go/internal/cli/self/self.go:133.39,135.4 1 0
github.com/nightconcept/almandine-go/internal/cli/self/self.go:141.2,141.56 1 0
github.com/nightconcept/almandine-go/internal/cli/self/self.go:141.56,144.3 2 0
github.com/nightconcept/almandine-go/internal/cli/self/self.go:146.2,148.21 2 0
github.com/nightconcept/almandine-go/internal/cli/self/self.go:148.21,150.3 1 0
github.com/nightconcept/almandine-go/internal/cli/self/self.go:152.2,152.20 1 0
github.com/nightconcept/almandine-go/internal/cli/self/self.go:152.20,156.55 4 0
github.com/nightconcept/almandine-go/internal/cli/self/self.go:156.55,159.4 2 0
github.com/nightconcept/almandine-go/internal/cli/self/self.go:162.2,164.16 3 0
github.com/nightconcept/almandine-go/internal/cli/self/self.go:164.16,166.3 1 0
github.com/nightconcept/almandine-go/internal/cli/self/self.go:167.2,167.13 1 0
github.com/nightconcept/almandine-go/internal/cli/self/self.go:167.13,169.3 1 0
github.com/nightconcept/almandine-go/internal/cli/self/self.go:172.2,173.16 2 0
github.com/nightconcept/almandine-go/internal/cli/self/self.go:173.16,175.3 1 0
github.com/nightconcept/almandine-go/internal/cli/self/self.go:177.2,178.12 2 0
github.com/nightconcept/almandine-go/internal/cli/add/add.go:26.58,28.2 1 5
github.com/nightconcept/almandine-go/internal/cli/add/add.go:31.47,33.2 1 5
github.com/nightconcept/almandine-go/internal/cli/add/add.go:57.46,60.22 3 6
github.com/nightconcept/almandine-go/internal/cli/add/add.go:60.22,62.4 1 6
github.com/nightconcept/almandine-go/internal/cli/add/add.go:62.9,65.4 2 0
github.com/nightconcept/almandine-go/internal/cli/add/add.go:67.3,77.17 7 6
github.com/nightconcept/almandine-go/internal/cli/add/add.go:77.17,80.4 2 0
github.com/nightconcept/almandine-go/internal/cli/add/add.go:82.3,82.14 1 6
github.com/nightconcept/almandine-go/internal/cli/add/add.go:82.14,88.4 5 0
github.com/nightconcept/almandine-go/internal/cli/add/add.go:91.3,91.14 1 6
github.com/nightconcept/almandine-go/internal/cli/add/add.go:91.14,93.4 1 0
github.com/nightconcept/almandine-go/internal/cli/add/add.go:94.3,96.17 3 6
github.com/nightconcept/almandine-go/internal/cli/add/add.go:96.17,99.4 2 1
github.com/nightconcept/almandine-go/internal/cli/add/add.go:100.3,100.14 1 5
github.com/nightconcept/almandine-go/internal/cli/add/add.go:100.14,102.4 1 0
github.com/nightconcept/almandine-go/internal/cli/add/add.go:105.3,111.23 5 5
github.com/nightconcept/almandine-go/internal/cli/add/add.go:111.23,114.4 2 2
github.com/nightconcept/almandine-go/internal/cli/add/add.go:114.9,115.87 1 3
github.com/nightconcept/almandine-go/internal/cli/add/add.go:115.87,118.5 2 0
github.com/nightconcept/almandine-go/internal/cli/add/add.go:119.4,120.49 2 3
github.com/nightconcept/almandine-go/internal/cli/add/add.go:123.3,123.77 1 5
github.com/nightconcept/almandine-go/internal/cli/add/add.go:123.77,126.4 2 0
github.com/nightconcept/almandine-go/internal/cli/add/add.go:128.3,128.14 1 5
github.com/nightconcept/almandine-go/internal/cli/add/add.go:128.14,131.4 2 0
github.com/nightconcept/almandine-go/internal/cli/add/add.go:134.3,138.14 4 5
github.com/nightconcept/almandine-go/internal/cli/add/add.go:138.14,141.4 2 0
github.com/nightconcept/almandine-go/internal/cli/add/add.go:144.3,145.14 2 5
github.com/nightconcept/almandine-go/internal/cli/add/add.go:145.14,147.4 1 0
github.com/nightconcept/almandine-go/internal/cli/add/add.go:149.3,149.66 1 5
github.com/nightconcept/almandine-go/internal/cli/add/add.go:149.66,152.4 2 0
github.com/nightconcept/almandine-go/internal/cli/add/add.go:156.3,156.14 1 5
github.com/nightconcept/almandine-go/internal/cli/add/add.go:156.14,158.4 1 0
github.com/nightconcept/almandine-go/internal/cli/add/add.go:160.3,160.77 1 5
github.com/nightconcept/almandine-go/internal/cli/add/add.go:160.77,164.4 2 0
github.com/nightconcept/almandine-go/internal/cli/add/add.go:166.3,167.16 2 5
github.com/nightconcept/almandine-go/internal/cli/add/add.go:167.16,169.33 1 5
github.com/nightconcept/almandine-go/internal/cli/add/add.go:169.33,170.16 1 2
github.com/nightconcept/almandine-go/internal/cli/add/add.go:170.16,172.6 1 0
github.com/nightconcept/almandine-go/internal/cli/add/add.go:173.5,174.26 2 2
github.com/nightconcept/almandine-go/internal/cli/add/add.go:174.26,176.54 2 0
github.com/nightconcept/almandine-go/internal/cli/add/add.go:176.54,178.7 1 0
github.com/nightconcept/almandine-go/internal/cli/add/add.go:179.6,179.137 1 0
github.com/nightconcept/almandine-go/internal/cli/add/add.go:180.11,181.17 1 2
github.com/nightconcept/almandine-go/internal/cli/add/add.go:181.17,183.7 1 0
github.com/nightconcept/almandine-go/internal/cli/add/add.go:189.3,192.21 4 5
github.com/nightconcept/almandine-go/internal/cli/add/add.go:192.21,196.4 2 0
github.com/nightconcept/almandine-go/internal/cli/add/add.go:197.3,197.14 1 5
github.com/nightconcept/almandine-go/internal/cli/add/add.go:197.14,199.4 1 0
github.com/nightconcept/almandine-go/internal/cli/add/add.go:202.3,202.14 1 5
github.com/nightconcept/almandine-go/internal/cli/add/add.go:202.14,204.4 1 0
github.com/nightconcept/almandine-go/internal/cli/add/add.go:207.3,211.25 4 5
github.com/nightconcept/almandine-go/internal/cli/add/add.go:211.25,212.34 1 1
github.com/nightconcept/almandine-go/internal/cli/add/add.go:212.34,219.5 4 1
github.com/nightconcept/almandine-go/internal/cli/add/add.go:219.10,222.5 2 0
github.com/nightconcept/almandine-go/internal/cli/add/add.go:226.3,226.31 1 4
github.com/nightconcept/almandine-go/internal/cli/add/add.go:226.31,228.4 1 4
github.com/nightconcept/almandine-go/internal/cli/add/add.go:231.3,238.86 2 4
github.com/nightconcept/almandine-go/internal/cli/add/add.go:238.86,241.4 2 0
github.com/nightconcept/almandine-go/internal/cli/add/add.go:243.3,243.14 1 4
github.com/nightconcept/almandine-go/internal/cli/add/add.go:243.14,245.4 1 0
github.com/nightconcept/almandine-go/internal/cli/add/add.go:248.3,248.14 1 4
github.com/nightconcept/almandine-go/internal/cli/add/add.go:248.14,250.4 1 0
github.com/nightconcept/almandine-go/internal/cli/add/add.go:252.3,255.25 4 4
github.com/nightconcept/almandine-go/internal/cli/add/add.go:255.25,258.4 2 1
github.com/nightconcept/almandine-go/internal/cli/add/add.go:261.3,262.46 2 3
github.com/nightconcept/almandine-go/internal/cli/add/add.go:262.46,263.22 1 3
github.com/nightconcept/almandine-go/internal/cli/add/add.go:263.22,265.5 1 3
github.com/nightconcept/almandine-go/internal/cli/add/add.go:266.4,266.26 1 0
github.com/nightconcept/almandine-go/internal/cli/add/add.go:266.26,267.77 1 0
github.com/nightconcept/almandine-go/internal/cli/add/add.go:267.77,269.6 1 0
github.com/nightconcept/almandine-go/internal/cli/add/add.go:271.4,271.15 1 0
github.com/nightconcept/almandine-go/internal/cli/add/add.go:274.3,274.192 1 3
github.com/nightconcept/almandine-go/internal/cli/add/add.go:274.192,275.41 1 3
github.com/nightconcept/almandine-go/internal/cli/add/add.go:275.41,276.16 1 0
github.com/nightconcept/almandine-go/internal/cli/add/add.go:276.16,278.6 1 0
github.com/nightconcept/almandine-go/internal/cli/add/add.go:279.5,279.61 1 0
github.com/nightconcept/almandine-go/internal/cli/add/add.go:280.10,282.16 1 3
github.com/nightconcept/almandine-go/internal/cli/add/add.go:282.16,284.6 1 0
github.com/nightconcept/almandine-go/internal/cli/add/add.go:285.5,288.28 4 3
github.com/nightconcept/almandine-go/internal/cli/add/add.go:288.28,289.17 1 0
github.com/nightconcept/almandine-go/internal/cli/add/add.go:289.17,291.7 1 0
github.com/nightconcept/almandine-go/internal/cli/add/add.go:292.6,292.36 1 0
github.com/nightconcept/almandine-go/internal/cli/add/add.go:293.11,294.17 1 3
github.com/nightconcept/almandine-go/internal/cli/add/add.go:294.17,296.7 1 0
github.com/nightconcept/almandine-go/internal/cli/add/add.go:297.6,297.57 1 3
github.com/nightconcept/almandine-go/internal/cli/add/add.go:300.9,301.50 1 0
github.com/nightconcept/almandine-go/internal/cli/add/add.go:301.50,303.5 1 0
github.com/nightconcept/almandine-go/internal/cli/add/add.go:303.10,303.22 1 0
github.com/nightconcept/almandine-go/internal/cli/add/add.go:303.22,305.5 1 0
github.com/nightconcept/almandine-go/internal/cli/add/add.go:306.4,306.34 1 0
github.com/nightconcept/almandine-go/internal/cli/add/add.go:310.3,313.72 2 3
github.com/nightconcept/almandine-go/internal/cli/add/add.go:313.72,317.4 2 0
github.com/nightconcept/almandine-go/internal/cli/add/add.go:319.3,319.14 1 3
github.com/nightconcept/almandine-go/internal/cli/add/add.go:319.14,321.4 1 0
github.com/nightconcept/almandine-go/internal/cli/add/add.go:324.3,330.86 7 3
github.com/nightconcept/almandine-go/internal/cli/add/add.go:330.86,333.22 2 0
github.com/nightconcept/almandine-go/internal/cli/add/add.go:333.22,335.5 1 0
github.com/nightconcept/almandine-go/internal/cli/add/add.go:335.10,337.5 1 0
github.com/nightconcept/almandine-go/internal/cli/add/add.go:339.3,344.13 5 3
github.com/nightconcept/almandine-go/internal/cli/initcmd/initcmd.go:15.102,17.24 1 14
github.com/nightconcept/almandine-go/internal/cli/initcmd/initcmd.go:17.24,19.3 1 6
github.com/nightconcept/almandine-go/internal/cli/initcmd/initcmd.go:19.8,21.3 1 8
github.com/nightconcept/almandine-go/internal/cli/initcmd/initcmd.go:23.2,24.16 2 14
github.com/nightconcept/almandine-go/internal/cli/initcmd/initcmd.go:24.16,27.3 1 0
github.com/nightconcept/almandine-go/internal/cli/initcmd/initcmd.go:28.2,29.17 2 14
github.com/nightconcept/almandine-go/internal/cli/initcmd/initcmd.go:29.17,31.3 1 7
github.com/nightconcept/almandine-go/internal/cli/initcmd/initcmd.go:32.2,32.19 1 7
github.com/nightconcept/almandine-go/internal/cli/initcmd/initcmd.go:36.36,40.38 1 2
github.com/nightconcept/almandine-go/internal/cli/initcmd/initcmd.go:40.38,50.18 6 2
github.com/nightconcept/almandine-go/internal/cli/initcmd/initcmd.go:50.18,52.5 1 0
github.com/nightconcept/almandine-go/internal/cli/initcmd/initcmd.go:55.4,56.18 2 2
github.com/nightconcept/almandine-go/internal/cli/initcmd/initcmd.go:56.18,58.5 1 0
github.com/nightconcept/almandine-go/internal/cli/initcmd/initcmd.go:61.4,62.18 2 2
github.com/nightconcept/almandine-go/internal/cli/initcmd/initcmd.go:62.18,64.5 1 0
github.com/nightconcept/almandine-go/internal/cli/initcmd/initcmd.go:67.4,68.18 2 2
github.com/nightconcept/almandine-go/internal/cli/initcmd/initcmd.go:68.18,70.5 1 0
github.com/nightconcept/almandine-go/internal/cli/initcmd/initcmd.go:72.4,83.8 9 2
github.com/nightconcept/almandine-go/internal/cli/initcmd/initcmd.go:83.8,85.23 2 2
github.com/nightconcept/almandine-go/internal/cli/initcmd/initcmd.go:85.23,87.6 1 0
github.com/nightconcept/almandine-go/internal/cli/initcmd/initcmd.go:89.5,89.25 1 2
github.com/nightconcept/almandine-go/internal/cli/initcmd/initcmd.go:89.25,90.11 1 2
github.com/nightconcept/almandine-go/internal/cli/initcmd/initcmd.go:93.5,94.23 2 0
github.com/nightconcept/almandine-go/internal/cli/initcmd/initcmd.go:94.23,96.6 1 0
github.com/nightconcept/almandine-go/internal/cli/initcmd/initcmd.go:97.5,97.36 1 0
github.com/nightconcept/almandine-go/internal/cli/initcmd/initcmd.go:100.4,100.44 1 2
github.com/nightconcept/almandine-go/internal/cli/initcmd/initcmd.go:100.44,102.5 1 2
github.com/nightconcept/almandine-go/internal/cli/initcmd/initcmd.go:104.4,110.8 4 2
github.com/nightconcept/almandine-go/internal/cli/initcmd/initcmd.go:110.8,112.23 2 3
github.com/nightconcept/almandine-go/internal/cli/initcmd/initcmd.go:112.23,114.6 1 0
github.com/nightconcept/almandine-go/internal/cli/initcmd/initcmd.go:116.5,116.22 1 3
github.com/nightconcept/almandine-go/internal/cli/initcmd/initcmd.go:116.22,117.11 1 2
github.com/nightconcept/almandine-go/internal/cli/initcmd/initcmd.go:120.5,121.23 2 1
github.com/nightconcept/almandine-go/internal/cli/initcmd/initcmd.go:121.23,123.6 1 0
github.com/nightconcept/almandine-go/internal/cli/initcmd/initcmd.go:124.5,124.38 1 1
github.com/nightconcept/almandine-go/internal/cli/initcmd/initcmd.go:127.4,128.29 2 2
github.com/nightconcept/almandine-go/internal/cli/initcmd/initcmd.go:128.29,129.44 1 1
github.com/nightconcept/almandine-go/internal/cli/initcmd/initcmd.go:129.44,131.6 1 1
github.com/nightconcept/almandine-go/internal/cli/initcmd/initcmd.go:132.10,134.5 1 1
github.com/nightconcept/almandine-go/internal/cli/initcmd/initcmd.go:135.4,139.43 3 2
github.com/nightconcept/almandine-go/internal/cli/initcmd/initcmd.go:139.43,144.5 1 1
github.com/nightconcept/almandine-go/internal/cli/initcmd/initcmd.go:147.4,161.18 3 2
github.com/nightconcept/almandine-go/internal/cli/initcmd/initcmd.go:161.18,163.5 1 0
github.com/nightconcept/almandine-go/internal/cli/initcmd/initcmd.go:165.4,166.14 2 2
github.com/nightconcept/almandine-go/internal/cli/install/install.go:23.39,39.38 1 10
github.com/nightconcept/almandine-go/internal/cli/install/install.go:39.38,43.15 3 10
github.com/nightconcept/almandine-go/internal/cli/install/install.go:43.15,45.14 2 0
github.com/nightconcept/almandine-go/internal/cli/install/install.go:45.14,47.6 1 0
github.com/nightconcept/almandine-go/internal/cli/install/install.go:50.4,51.15 2 10
github.com/nightconcept/almandine-go/internal/cli/install/install.go:51.15,52.33 1 0
github.com/nightconcept/almandine-go/internal/cli/install/install.go:52.33,54.6 1 0
github.com/nightconcept/almandine-go/internal/cli/install/install.go:54.11,56.6 1 0
github.com/nightconcept/almandine-go/internal/cli/install/install.go:60.4,61.18 2 10
github.com/nightconcept/almandine-go/internal/cli/install/install.go:61.18,62.39 1 1
github.com/nightconcept/almandine-go/internal/cli/install/install.go:62.39,64.6 1 1
github.com/nightconcept/almandine-go/internal/cli/install/install.go:65.5,65.75 1 0
github.com/nightconcept/almandine-go/internal/cli/install/install.go:67.4,67.15 1 9
github.com/nightconcept/almandine-go/internal/cli/install/install.go:67.15,69.5 1 0
github.com/nightconcept/almandine-go/internal/cli/install/install.go:72.4,73.18 2 9
github.com/nightconcept/almandine-go/internal/cli/install/install.go:73.18,75.5 1 0
github.com/nightconcept/almandine-go/internal/cli/install/install.go:76.4,76.15 1 9
github.com/nightconcept/almandine-go/internal/cli/install/install.go:76.15,78.5 1 0
github.com/nightconcept/almandine-go/internal/cli/install/install.go:79.4,79.25 1 9
github.com/nightconcept/almandine-go/internal/cli/install/install.go:79.25,81.5 1 0
github.com/nightconcept/almandine-go/internal/cli/install/install.go:82.4,82.27 1 9
github.com/nightconcept/almandine-go/internal/cli/install/install.go:82.27,84.5 1 0
github.com/nightconcept/almandine-go/internal/cli/install/install.go:87.4,94.33 3 9
github.com/nightconcept/almandine-go/internal/cli/install/install.go:94.33,95.39 1 4
github.com/nightconcept/almandine-go/internal/cli/install/install.go:95.39,98.6 2 0
github.com/nightconcept/almandine-go/internal/cli/install/install.go:99.5,99.16 1 4
github.com/nightconcept/almandine-go/internal/cli/install/install.go:99.16,101.6 1 0
github.com/nightconcept/almandine-go/internal/cli/install/install.go:102.5,102.56 1 4
github.com/nightconcept/almandine-go/internal/cli/install/install.go:102.56,108.17 2 4
github.com/nightconcept/almandine-go/internal/cli/install/install.go:108.17,110.7 1 0
github.com/nightconcept/almandine-go/internal/cli/install/install.go:112.10,113.16 1 5
github.com/nightconcept/almandine-go/internal/cli/install/install.go:113.16,115.6 1 0
github.com/nightconcept/almandine-go/internal/cli/install/install.go:116.5,116.42 1 5
github.com/nightconcept/almandine-go/internal/cli/install/install.go:116.42,118.13 2 5
github.com/nightconcept/almandine-go/internal/cli/install/install.go:118.13,120.15 2 1
github.com/nightconcept/almandine-go/internal/cli/install/install.go:122.6,127.17 2 4
github.com/nightconcept/almandine-go/internal/cli/install/install.go:127.17,129.7 1 0
github.com/nightconcept/almandine-go/internal/cli/install/install.go:131.5,131.44 1 5
github.com/nightconcept/almandine-go/internal/cli/install/install.go:131.44,134.6 2 1
github.com/nightconcept/almandine-go/internal/cli/install/install.go:137.4,137.15 1 8
github.com/nightconcept/almandine-go/internal/cli/install/install.go:137.15,139.5 1 0
github.com/nightconcept/almandine-go/internal/cli/install/install.go:142.4,159.53 3 8
github.com/nightconcept/almandine-go/internal/cli/install/install.go:159.53,161.5 1 0
github.com/nightconcept/almandine-go/internal/cli/install/install.go:163.4,163.59 1 8
github.com/nightconcept/almandine-go/internal/cli/install/install.go:163.59,164.16 1 8
github.com/nightconcept/almandine-go/internal/cli/install/install.go:164.16,166.6 1 0
github.com/nightconcept/almandine-go/internal/cli/install/install.go:168.5,169.19 2 8
github.com/nightconcept/almandine-go/internal/cli/install/install.go:169.19,171.14 2 0
github.com/nightconcept/almandine-go/internal/cli/install/install.go:174.5,177.101 3 8
github.com/nightconcept/almandine-go/internal/cli/install/install.go:177.101,178.17 1 8
github.com/nightconcept/almandine-go/internal/cli/install/install.go:178.17,180.7 1 0
github.com/nightconcept/almandine-go/internal/cli/install/install.go:181.6,182.20 2 8
github.com/nightconcept/almandine-go/internal/cli/install/install.go:182.20,184.7 1 1
github.com/nightconcept/almandine-go/internal/cli/install/install.go:184.12,185.18 1 7
github.com/nightconcept/almandine-go/internal/cli/install/install.go:185.18,187.8 1 0
github.com/nightconcept/almandine-go/internal/cli/install/install.go:188.7,189.119 2 7
github.com/nightconcept/almandine-go/internal/cli/install/install.go:191.11,191.64 1 0
github.com/nightconcept/almandine-go/internal/cli/install/install.go:191.64,193.6 1 0
github.com/nightconcept/almandine-go/internal/cli/install/install.go:195.5,207.61 2 8
github.com/nightconcept/almandine-go/internal/cli/install/install.go:207.61,210.17 3 6
github.com/nightconcept/almandine-go/internal/cli/install/install.go:210.17,212.7 1 0
github.com/nightconcept/almandine-go/internal/cli/install/install.go:213.11,214.17 1 2
github.com/nightconcept/almandine-go/internal/cli/install/install.go:214.17,216.7 1 0
github.com/nightconcept/almandine-go/internal/cli/install/install.go:218.5,218.56 1 8
github.com/nightconcept/almandine-go/internal/cli/install/install.go:221.4,221.41 1 8
github.com/nightconcept/almandine-go/internal/cli/install/install.go:221.41,223.37 2 0
github.com/nightconcept/almandine-go/internal/cli/install/install.go:223.37,225.6 1 0
github.com/nightconcept/almandine-go/internal/cli/install/install.go:229.4,231.41 2 8
github.com/nightconcept/almandine-go/internal/cli/install/install.go:231.41,233.5 1 0
github.com/nightconcept/almandine-go/internal/cli/install/install.go:235.4,235.40 1 8
github.com/nightconcept/almandine-go/internal/cli/install/install.go:235.40,240.14 3 8
github.com/nightconcept/almandine-go/internal/cli/install/install.go:240.14,243.17 3 1
github.com/nightconcept/almandine-go/internal/cli/install/install.go:243.17,245.7 1 0
github.com/nightconcept/almandine-go/internal/cli/install/install.go:249.5,249.53 1 8
github.com/nightconcept/almandine-go/internal/cli/install/install.go:249.53,252.17 3 2
github.com/nightconcept/almandine-go/internal/cli/install/install.go:252.17,254.7 1 0
github.com/nightconcept/almandine-go/internal/cli/install/install.go:258.5,258.21 1 8
github.com/nightconcept/almandine-go/internal/cli/install/install.go:258.21,259.82 1 5
github.com/nightconcept/almandine-go/internal/cli/install/install.go:259.82,262.18 3 1
github.com/nightconcept/almandine-go/internal/cli/install/install.go:262.18,264.8 1 0
github.com/nightconcept/almandine-go/internal/cli/install/install.go:265.12,265.27 1 4
github.com/nightconcept/almandine-go/internal/cli/install/install.go:265.27,269.7 3 0
github.com/nightconcept/almandine-go/internal/cli/install/install.go:273.5,273.85 1 8
github.com/nightconcept/almandine-go/internal/cli/install/install.go:273.85,275.62 2 4
github.com/nightconcept/almandine-go/internal/cli/install/install.go:275.62,277.7 1 4
github.com/nightconcept/almandine-go/internal/cli/install/install.go:279.6,279.64 1 4
github.com/nightconcept/almandine-go/internal/cli/install/install.go:279.64,282.18 3 3
github.com/nightconcept/almandine-go/internal/cli/install/install.go:282.18,284.8 1 0
github.com/nightconcept/almandine-go/internal/cli/install/install.go:285.12,285.144 1 1
github.com/nightconcept/almandine-go/internal/cli/install/install.go:285.144,288.18 3 0
github.com/nightconcept/almandine-go/internal/cli/install/install.go:288.18,290.8 1 0
github.com/nightconcept/almandine-go/internal/cli/install/install.go:294.5,294.20 1 8
github.com/nightconcept/almandine-go/internal/cli/install/install.go:294.20,298.6 3 7
github.com/nightconcept/almandine-go/internal/cli/install/install.go:298.11,298.23 1 1
github.com/nightconcept/almandine-go/internal/cli/install/install.go:298.23,300.6 1 0
github.com/nightconcept/almandine-go/internal/cli/install/install.go:303.4,303.44 1 8
github.com/nightconcept/almandine-go/internal/cli/install/install.go:303.44,306.5 2 1
github.com/nightconcept/almandine-go/internal/cli/install/install.go:308.4,308.15 1 7
github.com/nightconcept/almandine-go/internal/cli/install/install.go:308.15,310.52 2 0
github.com/nightconcept/almandine-go/internal/cli/install/install.go:310.52,312.6 1 0
github.com/nightconcept/almandine-go/internal/cli/install/install.go:316.4,316.54 1 7
github.com/nightconcept/almandine-go/internal/cli/install/install.go:316.54,318.5 1 0
github.com/nightconcept/almandine-go/internal/cli/install/install.go:320.4,321.51 2 7
github.com/nightconcept/almandine-go/internal/cli/install/install.go:321.51,322.16 1 7
github.com/nightconcept/almandine-go/internal/cli/install/install.go:322.16,324.6 1 0
github.com/nightconcept/almandine-go/internal/cli/install/install.go:326.5,327.19 2 7
github.com/nightconcept/almandine-go/internal/cli/install/install.go:327.19,329.14 2 2
github.com/nightconcept/almandine-go/internal/cli/install/install.go:331.5,331.16 1 5
github.com/nightconcept/almandine-go/internal/cli/install/install.go:331.16,333.6 1 0
github.com/nightconcept/almandine-go/internal/cli/install/install.go:335.5,336.87 2 5
github.com/nightconcept/almandine-go/internal/cli/install/install.go:336.87,338.17 2 5
github.com/nightconcept/almandine-go/internal/cli/install/install.go:338.17,340.7 1 0
github.com/nightconcept/almandine-go/internal/cli/install/install.go:341.11,343.20 2 0
github.com/nightconcept/almandine-go/internal/cli/install/install.go:343.20,345.15 2 0
github.com/nightconcept/almandine-go/internal/cli/install/install.go:347.6,348.17 2 0
github.com/nightconcept/almandine-go/internal/cli/install/install.go:348.17,350.7 1 0
github.com/nightconcept/almandine-go/internal/cli/install/install.go:353.5,354.63 2 5
github.com/nightconcept/almandine-go/internal/cli/install/install.go:354.63,356.14 2 0
github.com/nightconcept/almandine-go/internal/cli/install/install.go:358.5,358.80 1 5
github.com/nightconcept/almandine-go/internal/cli/install/install.go:358.80,360.14 2 0
github.com/nightconcept/almandine-go/internal/cli/install/install.go:362.5,362.16 1 5
github.com/nightconcept/almandine-go/internal/cli/install/install.go:362.16,364.6 1 0
github.com/nightconcept/almandine-go/internal/cli/install/install.go:366.5,371.16 2 5
github.com/nightconcept/almandine-go/internal/cli/install/install.go:371.16,373.6 1 0
github.com/nightconcept/almandine-go/internal/cli/install/install.go:374.5,374.24 1 5
github.com/nightconcept/almandine-go/internal/cli/install/install.go:377.4,377.29 1 7
github.com/nightconcept/almandine-go/internal/cli/install/install.go:377.29,379.50 2 5
github.com/nightconcept/almandine-go/internal/cli/install/install.go:379.50,381.6 1 0
github.com/nightconcept/almandine-go/internal/cli/install/install.go:382.5,382.16 1 5
github.com/nightconcept/almandine-go/internal/cli/install/install.go:382.16,384.6 1 0
github.com/nightconcept/almandine-go/internal/cli/install/install.go:385.5,385.108 1 5
github.com/nightconcept/almandine-go/internal/cli/install/install.go:386.10,387.44 1 2
github.com/nightconcept/almandine-go/internal/cli/install/install.go:387.44,390.6 2 2
github.com/nightconcept/almandine-go/internal/cli/install/install.go:392.4,392.14 1 5
github.com/nightconcept/almandine-go/internal/cli/remove/remove.go:21.44,23.16 2 2
github.com/nightconcept/almandine-go/internal/cli/remove/remove.go:23.16,25.3 1 0
github.com/nightconcept/almandine-go/internal/cli/remove/remove.go:26.2,26.31 1 2
github.com/nightconcept/almandine-go/internal/cli/remove/remove.go:30.35,35.38 1 6
github.com/nightconcept/almandine-go/internal/cli/remove/remove.go:35.38,37.27 2 6
github.com/nightconcept/almandine-go/internal/cli/remove/remove.go:37.27,39.5 1 0
github.com/nightconcept/almandine-go/internal/cli/remove/remove.go:41.4,45.18 3 6
github.com/nightconcept/almandine-go/internal/cli/remove/remove.go:45.18,47.5 1 1
github.com/nightconcept/almandine-go/internal/cli/remove/remove.go:49.4,49.35 1 5
github.com/nightconcept/almandine-go/internal/cli/remove/remove.go:49.35,51.5 1 1
github.com/nightconcept/almandine-go/internal/cli/remove/remove.go:53.4,54.11 2 4
github.com/nightconcept/almandine-go/internal/cli/remove/remove.go:54.11,56.5 1 1
github.com/nightconcept/almandine-go/internal/cli/remove/remove.go:58.4,64.61 4 3
github.com/nightconcept/almandine-go/internal/cli/remove/remove.go:64.61,66.5 1 0
github.com/nightconcept/almandine-go/internal/cli/remove/remove.go:70.4,71.52 2 3
github.com/nightconcept/almandine-go/internal/cli/remove/remove.go:71.52,72.28 1 1
github.com/nightconcept/almandine-go/internal/cli/remove/remove.go:72.28,75.6 1 0
github.com/nightconcept/almandine-go/internal/cli/remove/remove.go:77.10,83.22 4 2
github.com/nightconcept/almandine-go/internal/cli/remove/remove.go:83.22,85.6 1 0
github.com/nightconcept/almandine-go/internal/cli/remove/remove.go:85.11,86.10 1 2
github.com/nightconcept/almandine-go/internal/cli/remove/remove.go:86.10,88.28 2 3
github.com/nightconcept/almandine-go/internal/cli/remove/remove.go:88.28,90.13 2 0
github.com/nightconcept/almandine-go/internal/cli/remove/remove.go:92.7,92.111 1 3
github.com/nightconcept/almandine-go/internal/cli/remove/remove.go:92.111,93.13 1 1
github.com/nightconcept/almandine-go/internal/cli/remove/remove.go:95.7,96.26 2 2
github.com/nightconcept/almandine-go/internal/cli/remove/remove.go:96.26,98.13 2 0
github.com/nightconcept/almandine-go/internal/cli/remove/remove.go:100.7,100.17 1 2
github.com/nightconcept/almandine-go/internal/cli/remove/remove.go:100.17,101.13 1 1
github.com/nightconcept/almandine-go/internal/cli/remove/remove.go:104.7,104.69 1 1
github.com/nightconcept/almandine-go/internal/cli/remove/remove.go:104.69,106.13 2 0
github.com/nightconcept/almandine-go/internal/cli/remove/remove.go:109.7,109.44 1 1
github.com/nightconcept/almandine-go/internal/cli/remove/remove.go:115.4,117.22 3 3
github.com/nightconcept/almandine-go/internal/cli/remove/remove.go:117.22,119.5 1 0
github.com/nightconcept/almandine-go/internal/cli/remove/remove.go:119.10,120.26 1 3
github.com/nightconcept/almandine-go/internal/cli/remove/remove.go:120.26,121.56 1 3
github.com/nightconcept/almandine-go/internal/cli/remove/remove.go:121.56,123.68 2 2
github.com/nightconcept/almandine-go/internal/cli/remove/remove.go:123.68,125.8 1 0
github.com/nightconcept/almandine-go/internal/cli/remove/remove.go:125.13,128.8 1 2
github.com/nightconcept/almandine-go/internal/cli/remove/remove.go:142.4,151.116 6 3
github.com/nightconcept/almandine-go/internal/cli/remove/remove.go:151.116,153.5 1 3
github.com/nightconcept/almandine-go/internal/cli/remove/remove.go:155.4,163.46 6 3
github.com/nightconcept/almandine-go/internal/cli/remove/remove.go:163.46,165.5 1 3
github.com/nightconcept/almandine-go/internal/cli/remove/remove.go:167.4,167.20 1 3
github.com/nightconcept/almandine-go/internal/cli/remove/remove.go:167.20,169.5 1 1
github.com/nightconcept/almandine-go/internal/cli/remove/remove.go:170.4,170.42 1 3
github.com/nightconcept/almandine-go/internal/cli/remove/remove.go:170.42,172.5 1 1
github.com/nightconcept/almandine-go/internal/cli/remove/remove.go:174.4,174.14 1 3
github.com/nightconcept/almandine-go/internal/core/downloader/downloader.go:13.47,15.16 2 5
github.com/nightconcept/almandine-go/internal/core/downloader/downloader.go:15.16,17.3 1 1
github.com/nightconcept/almandine-go/internal/core/downloader/downloader.go:18.2,18.15 1 4
github.com/nightconcept/almandine-go/internal/core/downloader/downloader.go:18.15,18.40 1 4
github.com/nightconcept/almandine-go/internal/core/downloader/downloader.go:20.2,20.38 1 4
github.com/nightconcept/almandine-go/internal/core/downloader/downloader.go:20.38,22.3 1 2
github.com/nightconcept/almandine-go/internal/core/downloader/downloader.go:24.2,25.16 2 2
github.com/nightconcept/almandine-go/internal/core/downloader/downloader.go:25.16,27.3 1 1
github.com/nightconcept/almandine-go/internal/core/downloader/downloader.go:29.2,29.18 1 1
github.com/nightconcept/almandine-go/internal/cli/list/list.go:32.37,36.17 3 7
github.com/nightconcept/almandine-go/internal/cli/list/list.go:36.17,37.26 1 1
github.com/nightconcept/almandine-go/internal/cli/list/list.go:37.26,41.5 1 1
github.com/nightconcept/almandine-go/internal/cli/list/list.go:43.4,43.81 1 0
github.com/nightconcept/almandine-go/internal/cli/list/list.go:46.3,47.17 2 6
github.com/nightconcept/almandine-go/internal/cli/list/list.go:47.17,51.4 1 0
github.com/nightconcept/almandine-go/internal/cli/list/list.go:53.3,53.16 1 6
github.com/nightconcept/almandine-go/internal/cli/list/list.go:53.16,55.4 1 0
github.com/nightconcept/almandine-go/internal/cli/list/list.go:57.3,62.17 3 6
github.com/nightconcept/almandine-go/internal/cli/list/list.go:62.17,64.4 1 0
github.com/nightconcept/almandine-go/internal/cli/list/list.go:67.3,81.34 11 6
github.com/nightconcept/almandine-go/internal/cli/list/list.go:81.34,88.4 3 3
github.com/nightconcept/almandine-go/internal/cli/list/list.go:90.3,91.51 2 3
github.com/nightconcept/almandine-go/internal/cli/list/list.go:91.51,99.45 2 5
github.com/nightconcept/almandine-go/internal/cli/list/list.go:99.45,103.5 3 4
github.com/nightconcept/almandine-go/internal/cli/list/list.go:103.10,106.5 2 1
github.com/nightconcept/almandine-go/internal/cli/list/list.go:111.4,111.54 1 5
github.com/nightconcept/almandine-go/internal/cli/list/list.go:111.54,113.5 1 4
github.com/nightconcept/almandine-go/internal/cli/list/list.go:113.10,113.33 1 1
github.com/nightconcept/almandine-go/internal/cli/list/list.go:113.33,115.34 2 1
github.com/nightconcept/almandine-go/internal/cli/list/list.go:115.34,117.6 1 0
github.com/nightconcept/almandine-go/internal/cli/list/list.go:117.11,119.6 1 1
github.com/nightconcept/almandine-go/internal/cli/list/list.go:120.10,123.34 2 0
github.com/nightconcept/almandine-go/internal/cli/list/list.go:123.34,125.6 1 0
github.com/nightconcept/almandine-go/internal/cli/list/list.go:125.11,127.6 1 0
github.com/nightconcept/almandine-go/internal/cli/list/list.go:128.5,128.96 1 0
github.com/nightconcept/almandine-go/internal/cli/list/list.go:130.4,130.43 1 5
github.com/nightconcept/almandine-go/internal/cli/list/list.go:139.3,139.35 1 3
github.com/nightconcept/almandine-go/internal/cli/list/list.go:139.35,141.44 2 5
github.com/nightconcept/almandine-go/internal/cli/list/list.go:141.44,143.5 1 4
github.com/nightconcept/almandine-go/internal/cli/list/list.go:143.10,143.51 1 1
github.com/nightconcept/almandine-go/internal/cli/list/list.go:143.51,145.5 1 0
github.com/nightconcept/almandine-go/internal/cli/list/list.go:149.4,149.109 1 5
github.com/nightconcept/almandine-go/internal/cli/list/list.go:151.3,151.13 1 3
github.com/nightconcept/almandine-go/internal/core/config/config.go:16.64,19.16 3 5
github.com/nightconcept/almandine-go/internal/core/config/config.go:19.16,21.3 1 1
github.com/nightconcept/almandine-go/internal/core/config/config.go:23.2,24.52 2 4
github.com/nightconcept/almandine-go/internal/core/config/config.go:24.52,26.3 1 1
github.com/nightconcept/almandine-go/internal/core/config/config.go:27.2,27.19 1 3
github.com/nightconcept/almandine-go/internal/core/config/config.go:32.68,34.58 2 2
github.com/nightconcept/almandine-go/internal/core/config/config.go:34.58,36.3 1 0
github.com/nightconcept/almandine-go/internal/core/config/config.go:41.2,43.16 3 2
github.com/nightconcept/almandine-go/internal/core/config/config.go:43.16,45.3 1 0
github.com/nightconcept/almandine-go/internal/core/config/config.go:46.2,46.15 1 2
github.com/nightconcept/almandine-go/internal/core/config/config.go:46.15,46.35 1 2
github.com/nightconcept/almandine-go/internal/core/config/config.go:48.2,49.12 2 2
github.com/nightconcept/almandine-go/internal/core/hasher/hasher.go:11.54,14.16 3 4
github.com/nightconcept/almandine-go/internal/core/hasher/hasher.go:14.16,16.3 1 0
github.com/nightconcept/almandine-go/internal/core/hasher/hasher.go:17.2,19.50 3 4
github.com/nightconcept/almandine-go/internal/core/lockfile/lockfile.go:34.22,39.2 1 11
github.com/nightconcept/almandine-go/internal/core/lockfile/lockfile.go:43.50,47.57 3 7
github.com/nightconcept/almandine-go/internal/core/lockfile/lockfile.go:47.57,49.3 1 1
github.com/nightconcept/almandine-go/internal/core/lockfile/lockfile.go:49.8,49.23 1 6
github.com/nightconcept/almandine-go/internal/core/lockfile/lockfile.go:49.23,51.3 1 0
github.com/nightconcept/almandine-go/internal/core/lockfile/lockfile.go:53.2,53.62 1 6
github.com/nightconcept/almandine-go/internal/core/lockfile/lockfile.go:53.62,55.3 1 1
github.com/nightconcept/almandine-go/internal/core/lockfile/lockfile.go:57.2,57.25 1 5
github.com/nightconcept/almandine-go/internal/core/lockfile/lockfile.go:57.25,59.3 1 0
github.com/nightconcept/almandine-go/internal/core/lockfile/lockfile.go:61.2,61.23 1 5
github.com/nightconcept/almandine-go/internal/core/lockfile/lockfile.go:61.23,63.3 1 0
github.com/nightconcept/almandine-go/internal/core/lockfile/lockfile.go:64.2,64.16 1 5
github.com/nightconcept/almandine-go/internal/core/lockfile/lockfile.go:68.51,71.16 3 2
github.com/nightconcept/almandine-go/internal/core/lockfile/lockfile.go:71.16,73.3 1 0
github.com/nightconcept/almandine-go/internal/core/lockfile/lockfile.go:74.2,74.15 1 2
github.com/nightconcept/almandine-go/internal/core/lockfile/lockfile.go:74.15,74.35 1 2
github.com/nightconcept/almandine-go/internal/core/lockfile/lockfile.go:76.2,77.43 2 2
github.com/nightconcept/almandine-go/internal/core/lockfile/lockfile.go:77.43,79.3 1 0
github.com/nightconcept/almandine-go/internal/core/lockfile/lockfile.go:80.2,80.12 1 2
github.com/nightconcept/almandine-go/internal/core/lockfile/lockfile.go:84.90,85.23 1 4
github.com/nightconcept/almandine-go/internal/core/lockfile/lockfile.go:85.23,87.3 1 1
github.com/nightconcept/almandine-go/internal/core/lockfile/lockfile.go:88.2,92.3 1 4
github.com/nightconcept/almandine-go/internal/core/project/project.go:38.28,44.2 1 1
github.com/nightconcept/almandine-go/internal/core/source/github_api.go:32.85,43.16 7 6
github.com/nightconcept/almandine-go/internal/core/source/github_api.go:43.16,45.3 1 0
github.com/nightconcept/almandine-go/internal/core/source/github_api.go:47.2,52.16 3 6
github.com/nightconcept/almandine-go/internal/core/source/github_api.go:52.16,54.3 1 1
github.com/nightconcept/almandine-go/internal/core/source/github_api.go:55.2,55.15 1 5
github.com/nightconcept/almandine-go/internal/core/source/github_api.go:55.15,55.40 1 5
github.com/nightconcept/almandine-go/internal/core/source/github_api.go:57.2,57.38 1 5
github.com/nightconcept/almandine-go/internal/core/source/github_api.go:57.38,60.3 2 1
github.com/nightconcept/almandine-go/internal/core/source/github_api.go:62.2,63.16 2 4
github.com/nightconcept/almandine-go/internal/core/source/github_api.go:63.16,65.3 1 0
github.com/nightconcept/almandine-go/internal/core/source/github_api.go:67.2,68.55 2 4
github.com/nightconcept/almandine-go/internal/core/source/github_api.go:68.55,70.3 1 1
github.com/nightconcept/almandine-go/internal/core/source/github_api.go:72.2,72.23 1 3
github.com/nightconcept/almandine-go/internal/core/source/github_api.go:72.23,78.3 1 1
github.com/nightconcept/almandine-go/internal/core/source/github_api.go:80.2,80.28 1 2
github.com/nightconcept/almandine-go/internal/core/source/source.go:17.51,21.2 3 16
github.com/nightconcept/almandine-go/internal/core/source/source.go:37.66,38.45 1 22
github.com/nightconcept/almandine-go/internal/core/source/source.go:38.45,43.19 3 7
github.com/nightconcept/almandine-go/internal/core/source/source.go:43.19,45.4 1 1
github.com/nightconcept/almandine-go/internal/core/source/source.go:46.3,46.31 1 6
github.com/nightconcept/almandine-go/internal/core/source/source.go:46.31,48.4 1 1
github.com/nightconcept/almandine-go/internal/core/source/source.go:50.3,54.30 4 5
github.com/nightconcept/almandine-go/internal/core/source/source.go:54.30,56.4 1 1
github.com/nightconcept/almandine-go/internal/core/source/source.go:58.3,63.79 5 4
github.com/nightconcept/almandine-go/internal/core/source/source.go:63.79,65.4 1 1
github.com/nightconcept/almandine-go/internal/core/source/source.go:67.3,72.28 5 3
github.com/nightconcept/almandine-go/internal/core/source/source.go:72.28,81.4 4 1
github.com/nightconcept/almandine-go/internal/core/source/source.go:81.9,83.4 1 2
github.com/nightconcept/almandine-go/internal/core/source/source.go:85.3,94.9 1 3
github.com/nightconcept/almandine-go/internal/core/source/source.go:98.2,99.16 2 15
github.com/nightconcept/almandine-go/internal/core/source/source.go:99.16,101.3 1 1
github.com/nightconcept/almandine-go/internal/core/source/source.go:103.2,107.27 4 14
github.com/nightconcept/almandine-go/internal/core/source/source.go:107.27,111.25 2 4
github.com/nightconcept/almandine-go/internal/core/source/source.go:111.25,113.4 1 2
github.com/nightconcept/almandine-go/internal/core/source/source.go:115.3,122.45 6 2
github.com/nightconcept/almandine-go/internal/core/source/source.go:122.45,125.4 1 0
github.com/nightconcept/almandine-go/internal/core/source/source.go:126.3,126.44 1 2
github.com/nightconcept/almandine-go/internal/core/source/source.go:126.44,128.4 1 0
github.com/nightconcept/almandine-go/internal/core/source/source.go:130.3,139.9 1 2
github.com/nightconcept/almandine-go/internal/core/source/source.go:142.2,142.115 1 10
github.com/nightconcept/almandine-go/internal/core/source/source.go:142.115,144.3 1 8
github.com/nightconcept/almandine-go/internal/core/source/source.go:147.2,147.115 1 2
github.com/nightconcept/almandine-go/internal/core/source/source.go:151.60,160.66 2 8
github.com/nightconcept/almandine-go/internal/core/source/source.go:160.66,162.25 1 2
github.com/nightconcept/almandine-go/internal/core/source/source.go:162.25,164.4 1 1
github.com/nightconcept/almandine-go/internal/core/source/source.go:165.3,182.9 7 1
github.com/nightconcept/almandine-go/internal/core/source/source.go:186.2,186.24 1 6
github.com/nightconcept/almandine-go/internal/core/source/source.go:186.24,188.3 1 0
github.com/nightconcept/almandine-go/internal/core/source/source.go:190.2,201.104 4 6
github.com/nightconcept/almandine-go/internal/core/source/source.go:201.104,202.25 1 4
github.com/nightconcept/almandine-go/internal/core/source/source.go:202.25,204.4 1 1
github.com/nightconcept/almandine-go/internal/core/source/source.go:205.3,210.24 5 3
github.com/nightconcept/almandine-go/internal/core/source/source.go:210.24,212.4 1 1
github.com/nightconcept/almandine-go/internal/core/source/source.go:214.3,214.106 1 2
github.com/nightconcept/almandine-go/internal/core/source/source.go:216.8,241.26 3 2
github.com/nightconcept/almandine-go/internal/core/source/source.go:241.26,245.29 4 1
github.com/nightconcept/almandine-go/internal/core/source/source.go:245.29,247.5 1 1
github.com/nightconcept/almandine-go/internal/core/source/source.go:247.10,249.5 1 0
github.com/nightconcept/almandine-go/internal/core/source/source.go:250.9,258.4 1 1
github.com/nightconcept/almandine-go/internal/core/source/source.go:259.3,259.106 1 1
github.com/nightconcept/almandine-go/internal/core/source/source.go:262.2,262.26 1 3
github.com/nightconcept/almandine-go/internal/core/source/source.go:262.26,264.3 1 0
github.com/nightconcept/almandine-go/internal/core/source/source.go:265.2,265.15 1 3
github.com/nightconcept/almandine-go/internal/core/source/source.go:265.15,269.3 1 0
github.com/nightconcept/almandine-go/internal/core/source/source.go:271.2,282.8 2 3
